#
# There is insufficient memory for the Java Runtime Environment to continue.
# Native memory allocation (malloc) failed to allocate 811216 bytes. Error detail: Chunk::new
# Possible reasons:
#   The system is out of physical RAM or swap space
#   This process is running with CompressedOops enabled, and the Java Heap may be blocking the growth of the native heap
# Possible solutions:
#   Reduce memory load on the system
#   Increase physical memory or swap space
#   Check if swap backing store is full
#   Decrease Java heap size (-Xmx/-Xms)
#   Decrease number of Java threads
#   Decrease Java thread stack sizes (-Xss)
#   Set larger code cache with -XX:ReservedCodeCacheSize=
#   JVM is running with Unscaled Compressed Oops mode in which the Java heap is
#     placed in the first 4GB address space. The Java Heap base address is the
#     maximum limit for the native heap growth. Please use -XX:HeapBaseMinAddress
#     to set the Java Heap base and to place the Java Heap above 4GB virtual address.
# This output file may be truncated or incomplete.
#
#  Out of Memory Error (arena.cpp:162), pid=22264, tid=11236
#
# JRE version: Java(TM) SE Runtime Environment (24.0.1+9) (build 24.0.1+9-30)
# Java VM: Java HotSpot(TM) 64-Bit Server VM (24.0.1+9-30, mixed mode, sharing, tiered, compressed oops, compressed class ptrs, g1 gc, windows-amd64)
# No core dump will be written. Minidumps are not enabled by default on client versions of Windows
#

---------------  S U M M A R Y ------------

Command Line: -Dfile.encoding=UTF-8 -Ddb2.jcc.charsetDecoderEncoder=3 com.ibm.db2.server.DssLauncher 3001 off c:\Users\Naveen\AppData\Roaming\Code\logs\20251020T091835\window3\exthost\IBM.db2forzosdeveloperextension -Xmx256M

Host: 12th Gen Intel(R) Core(TM) i5-1235U, 12 cores, 7G,  Windows 11 , 64 bit Build 26100 (10.0.26100.6725)
Time: Mon Oct 20 09:23:50 2025 India Standard Time elapsed time: 1.091636 seconds (0d 0h 0m 1s)

---------------  T H R E A D  ---------------

Current thread (0x0000028ece545cf0):  JavaThread "C2 CompilerThread0" daemon [_thread_in_native, id=11236, stack(0x00000090a5400000,0x00000090a5500000) (1024K)]


Current CompileTask:
C2:1091 1171       4       jdk.internal.classfile.impl.SplitConstantPool::internalAdd (78 bytes)

Stack: [0x00000090a5400000,0x00000090a5500000]
Native frames: (J=compiled Java code, j=interpreted, Vv=VM code, C=native code)
